<?xml version="1.0" encoding="UTF-8"?>
<testsuites name="jest tests" tests="1" failures="0" errors="0" time="0.173">
  <testsuite name="undefined" errors="0" failures="0" skipped="0" timestamp="2023-03-20T02:01:32" time="0.148" tests="1">
    <testcase classname=" Get random from 0 to 10" name=" Get random from 0 to 10" time="0.015">
    </testcase>
  </testsuite>
</testsuites>